*** SESSION Mar 14, 2014 00:24:06.28 -------------------------------------------
*** SESSION Mar 14, 2014 16:55:52.15 -------------------------------------------
*** SESSION Mar 15, 2014 20:13:28.28 -------------------------------------------
*** SESSION Mar 15, 2014 20:23:11.36 -------------------------------------------
*** SESSION Mar 15, 2014 20:25:05.69 -------------------------------------------
*** SESSION Mar 16, 2014 13:24:25.31 -------------------------------------------
*** SESSION Mar 16, 2014 23:07:01.62 -------------------------------------------
*** SESSION Mar 17, 2014 13:14:29.21 -------------------------------------------
*** SESSION Mar 17, 2014 16:45:51.62 -------------------------------------------
*** SESSION Mar 17, 2014 20:13:39.12 -------------------------------------------
*** SESSION Mar 19, 2014 00:17:34.90 -------------------------------------------
*** SESSION Mar 21, 2014 12:23:30.60 -------------------------------------------
*** SESSION Mar 21, 2014 19:58:32.59 -------------------------------------------
*** SESSION Mar 21, 2014 22:10:32.03 -------------------------------------------
*** SESSION Mar 21, 2014 23:09:27.29 -------------------------------------------
*** SESSION Mar 22, 2014 15:51:07.34 -------------------------------------------
*** SESSION Mar 23, 2014 16:22:30.88 -------------------------------------------
*** SESSION Mar 23, 2014 19:13:13.62 -------------------------------------------
*** SESSION Mar 23, 2014 20:07:02.72 -------------------------------------------
*** SESSION Mar 23, 2014 20:42:28.52 -------------------------------------------
*** SESSION Mar 24, 2014 00:33:36.29 -------------------------------------------
*** SESSION Mar 29, 2014 17:56:34.07 -------------------------------------------
*** SESSION Mar 30, 2014 13:26:10.40 -------------------------------------------
*** SESSION Mar 30, 2014 22:41:41.36 -------------------------------------------
*** SESSION Mar 31, 2014 08:53:03.24 -------------------------------------------
*** SESSION Apr 02, 2014 08:54:57.78 -------------------------------------------
*** SESSION Apr 02, 2014 12:34:49.84 -------------------------------------------
*** SESSION Apr 02, 2014 20:34:29.58 -------------------------------------------
*** SESSION Apr 03, 2014 11:22:29.58 -------------------------------------------
*** SESSION Apr 03, 2014 19:06:59.36 -------------------------------------------
*** SESSION Apr 04, 2014 18:26:21.42 -------------------------------------------
*** SESSION Apr 07, 2014 14:01:54.60 -------------------------------------------
*** SESSION Apr 07, 2014 23:51:42.95 -------------------------------------------
*** SESSION Apr 10, 2014 14:00:18.06 -------------------------------------------
*** SESSION Apr 10, 2014 23:52:19.91 -------------------------------------------
*** SESSION Apr 11, 2014 14:49:38.17 -------------------------------------------
*** SESSION Apr 13, 2014 13:34:50.02 -------------------------------------------
*** SESSION Apr 13, 2014 17:32:18.35 -------------------------------------------
*** SESSION Apr 14, 2014 12:39:36.11 -------------------------------------------
*** SESSION Apr 16, 2014 20:51:16.28 -------------------------------------------
*** SESSION Apr 18, 2014 12:57:06.19 -------------------------------------------
*** SESSION Apr 19, 2014 16:15:23.69 -------------------------------------------
*** SESSION Apr 20, 2014 14:21:09.07 -------------------------------------------
*** SESSION Apr 21, 2014 12:36:06.69 -------------------------------------------
*** SESSION Apr 23, 2014 13:04:50.53 -------------------------------------------
*** SESSION Apr 24, 2014 19:22:04.42 -------------------------------------------
*** SESSION Apr 25, 2014 21:57:46.34 -------------------------------------------
*** SESSION Apr 26, 2014 00:49:49.67 -------------------------------------------
*** SESSION Apr 27, 2014 21:08:55.77 -------------------------------------------
*** SESSION Apr 28, 2014 01:34:14.07 -------------------------------------------
*** SESSION Apr 30, 2014 15:07:51.36 -------------------------------------------
*** SESSION Apr 30, 2014 17:05:51.27 -------------------------------------------
*** SESSION May 02, 2014 12:25:15.60 -------------------------------------------
*** SESSION May 03, 2014 02:11:38.21 -------------------------------------------
*** SESSION May 03, 2014 22:34:52.21 -------------------------------------------
*** SESSION May 04, 2014 16:19:06.68 -------------------------------------------
*** SESSION May 07, 2014 16:25:25.61 -------------------------------------------
*** SESSION May 09, 2014 21:04:18.32 -------------------------------------------
*** SESSION May 10, 2014 00:07:51.53 -------------------------------------------
*** SESSION May 11, 2014 18:30:13.57 -------------------------------------------
