!SESSION 2014-05-11 18:29:59.326 -----------------------------------------------
eclipse.buildId=4.3.2.M20140221-1700
java.version=1.7.0_55
java.vendor=Oracle Corporation
BootLoader constants: OS=linux, ARCH=x86_64, WS=gtk, NL=en_US
Framework arguments:  -product org.eclipse.epp.package.cpp.product
Command-line arguments:  -os linux -ws gtk -arch x86_64 -product org.eclipse.epp.package.cpp.product

This is a continuation of log file /home/nagnanamus/Dropbox/BBB/codes/quad_control/.metadata/.bak_0.log
Created Time: 2014-05-11 23:32:53.851

!ENTRY org.eclipse.rse.core 4 0 2014-05-11 23:32:53.851
!MESSAGE Error removing terminal
!STACK 0
org.eclipse.swt.SWTException: Widget is disposed
	at org.eclipse.swt.SWT.error(SWT.java:4397)
	at org.eclipse.swt.SWT.error(SWT.java:4312)
	at org.eclipse.swt.SWT.error(SWT.java:4283)
	at org.eclipse.swt.widgets.Widget.error(Widget.java:481)
	at org.eclipse.swt.widgets.Widget.checkWidget(Widget.java:418)
	at org.eclipse.swt.widgets.Item.getText(Item.java:137)
	at org.eclipse.rse.internal.terminals.ui.views.TerminalViewTab.disposePageFor(TerminalViewTab.java:188)
	at org.eclipse.rse.internal.terminals.ui.views.TerminalViewer.systemResourceChanged(TerminalViewer.java:126)
	at org.eclipse.rse.internal.core.model.SystemResourceChangeManager.notify(SystemResourceChangeManager.java:97)
	at org.eclipse.rse.internal.core.model.SystemRegistry.fireEvent(SystemRegistry.java:2458)
	at org.eclipse.rse.subsystems.terminals.core.TerminalServiceSubSystem.removeTerminalElement(TerminalServiceSubSystem.java:192)
	at org.eclipse.rse.subsystems.terminals.core.TerminalServiceSubSystem.cancelAllTerminals(TerminalServiceSubSystem.java:179)
	at org.eclipse.rse.subsystems.terminals.core.TerminalServiceSubSystem$2.run(TerminalServiceSubSystem.java:152)
	at org.eclipse.swt.widgets.RunnableLock.run(RunnableLock.java:35)
	at org.eclipse.swt.widgets.Synchronizer.runAsyncMessages(Synchronizer.java:135)
	at org.eclipse.swt.widgets.Display.runAsyncMessages(Display.java:3717)
	at org.eclipse.swt.widgets.Display.readAndDispatch(Display.java:3366)
	at org.eclipse.jface.operation.ModalContext$ModalContextThread.block(ModalContext.java:173)
	at org.eclipse.jface.operation.ModalContext.run(ModalContext.java:388)
	at org.eclipse.ui.internal.WorkbenchWindow$13.run(WorkbenchWindow.java:1829)
	at org.eclipse.swt.custom.BusyIndicator.showWhile(BusyIndicator.java:70)
	at org.eclipse.ui.internal.WorkbenchWindow.run(WorkbenchWindow.java:1826)
	at org.eclipse.rse.internal.connectorservice.ssh.SshConnectorService$SessionLostHandler.run(SshConnectorService.java:340)
	at org.eclipse.swt.widgets.RunnableLock.run(RunnableLock.java:35)
	at org.eclipse.swt.widgets.Synchronizer.runAsyncMessages(Synchronizer.java:135)
	at org.eclipse.swt.widgets.Display.runAsyncMessages(Display.java:3717)
	at org.eclipse.swt.widgets.Display.readAndDispatch(Display.java:3366)
	at org.eclipse.tm.internal.terminal.emulator.VT100TerminalControl.waitForConnect(VT100TerminalControl.java:432)
	at org.eclipse.tm.internal.terminal.emulator.VT100TerminalControl.connectTerminal(VT100TerminalControl.java:389)
	at org.eclipse.rse.internal.terminals.ui.views.TerminalViewTab.createTabItem(TerminalViewTab.java:279)
	at org.eclipse.rse.internal.terminals.ui.handlers.LaunchTerminalCommandHandler.execute(LaunchTerminalCommandHandler.java:137)
	at org.eclipse.ui.internal.handlers.HandlerProxy.execute(HandlerProxy.java:290)
	at org.eclipse.ui.internal.handlers.E4HandlerProxy.execute(E4HandlerProxy.java:90)
	at sun.reflect.GeneratedMethodAccessor39.invoke(Unknown Source)
	at sun.reflect.DelegatingMethodAccessorImpl.invoke(DelegatingMethodAccessorImpl.java:43)
	at java.lang.reflect.Method.invoke(Method.java:606)
	at org.eclipse.e4.core.internal.di.MethodRequestor.execute(MethodRequestor.java:56)
	at org.eclipse.e4.core.internal.di.InjectorImpl.invokeUsingClass(InjectorImpl.java:243)
	at org.eclipse.e4.core.internal.di.InjectorImpl.invoke(InjectorImpl.java:224)
	at org.eclipse.e4.core.contexts.ContextInjectionFactory.invoke(ContextInjectionFactory.java:132)
	at org.eclipse.e4.core.commands.internal.HandlerServiceHandler.execute(HandlerServiceHandler.java:167)
	at org.eclipse.core.commands.Command.executeWithChecks(Command.java:499)
	at org.eclipse.core.commands.ParameterizedCommand.executeWithChecks(ParameterizedCommand.java:508)
	at org.eclipse.e4.core.commands.internal.HandlerServiceImpl.executeHandler(HandlerServiceImpl.java:213)
	at org.eclipse.e4.ui.workbench.renderers.swt.HandledContributionItem.executeItem(HandledContributionItem.java:850)
	at org.eclipse.e4.ui.workbench.renderers.swt.HandledContributionItem.handleWidgetSelection(HandledContributionItem.java:743)
	at org.eclipse.e4.ui.workbench.renderers.swt.HandledContributionItem.access$7(HandledContributionItem.java:727)
	at org.eclipse.e4.ui.workbench.renderers.swt.HandledContributionItem$4.handleEvent(HandledContributionItem.java:662)
	at org.eclipse.swt.widgets.EventTable.sendEvent(EventTable.java:84)
	at org.eclipse.swt.widgets.Widget.sendEvent(Widget.java:1392)
	at org.eclipse.swt.widgets.Display.runDeferredEvents(Display.java:3742)
	at org.eclipse.swt.widgets.Display.readAndDispatch(Display.java:3363)
	at org.eclipse.e4.ui.internal.workbench.swt.PartRenderingEngine$9.run(PartRenderingEngine.java:1113)
	at org.eclipse.core.databinding.observable.Realm.runWithDefault(Realm.java:332)
	at org.eclipse.e4.ui.internal.workbench.swt.PartRenderingEngine.run(PartRenderingEngine.java:997)
	at org.eclipse.e4.ui.internal.workbench.E4Workbench.createAndRunUI(E4Workbench.java:140)
	at org.eclipse.ui.internal.Workbench$5.run(Workbench.java:611)
	at org.eclipse.core.databinding.observable.Realm.runWithDefault(Realm.java:332)
	at org.eclipse.ui.internal.Workbench.createAndRunWorkbench(Workbench.java:567)
	at org.eclipse.ui.PlatformUI.createAndRunWorkbench(PlatformUI.java:150)
	at org.eclipse.ui.internal.ide.application.IDEApplication.start(IDEApplication.java:124)
	at org.eclipse.equinox.internal.app.EclipseAppHandle.run(EclipseAppHandle.java:196)
	at org.eclipse.core.runtime.internal.adaptor.EclipseAppLauncher.runApplication(EclipseAppLauncher.java:110)
	at org.eclipse.core.runtime.internal.adaptor.EclipseAppLauncher.start(EclipseAppLauncher.java:79)
	at org.eclipse.core.runtime.adaptor.EclipseStarter.run(EclipseStarter.java:354)
	at org.eclipse.core.runtime.adaptor.EclipseStarter.run(EclipseStarter.java:181)
	at sun.reflect.NativeMethodAccessorImpl.invoke0(Native Method)
	at sun.reflect.NativeMethodAccessorImpl.invoke(NativeMethodAccessorImpl.java:57)
	at sun.reflect.DelegatingMethodAccessorImpl.invoke(DelegatingMethodAccessorImpl.java:43)
	at java.lang.reflect.Method.invoke(Method.java:606)
	at org.eclipse.equinox.launcher.Main.invokeFramework(Main.java:636)
	at org.eclipse.equinox.launcher.Main.basicRun(Main.java:591)
	at org.eclipse.equinox.launcher.Main.run(Main.java:1450)
	at org.eclipse.equinox.launcher.Main.main(Main.java:1426)

!ENTRY org.eclipse.rse.core 4 0 2014-05-11 23:32:56.621
!MESSAGE Error launching terminal
!STACK 0
org.eclipse.rse.services.files.RemoteFileException: Error creating Terminal
	at org.eclipse.rse.internal.services.ssh.terminal.SshTerminalShell.<init>(SshTerminalShell.java:130)
	at org.eclipse.rse.internal.services.ssh.terminal.SshTerminalService.launchTerminal(SshTerminalService.java:41)
	at org.eclipse.rse.internal.terminals.ui.views.RSETerminalConnectionThread.run(RSETerminalConnectionThread.java:55)

!ENTRY org.eclipse.ui 4 0 2014-05-11 23:32:56.627
!MESSAGE Unhandled event loop exception
!STACK 0
org.eclipse.e4.core.di.InjectionException: org.eclipse.swt.SWTException: Widget is disposed
	at org.eclipse.e4.core.internal.di.MethodRequestor.execute(MethodRequestor.java:63)
	at org.eclipse.e4.core.internal.di.InjectorImpl.invokeUsingClass(InjectorImpl.java:243)
	at org.eclipse.e4.core.internal.di.InjectorImpl.invoke(InjectorImpl.java:224)
	at org.eclipse.e4.core.contexts.ContextInjectionFactory.invoke(ContextInjectionFactory.java:132)
	at org.eclipse.e4.core.commands.internal.HandlerServiceHandler.execute(HandlerServiceHandler.java:167)
	at org.eclipse.core.commands.Command.executeWithChecks(Command.java:499)
	at org.eclipse.core.commands.ParameterizedCommand.executeWithChecks(ParameterizedCommand.java:508)
	at org.eclipse.e4.core.commands.internal.HandlerServiceImpl.executeHandler(HandlerServiceImpl.java:213)
	at org.eclipse.e4.ui.workbench.renderers.swt.HandledContributionItem.executeItem(HandledContributionItem.java:850)
	at org.eclipse.e4.ui.workbench.renderers.swt.HandledContributionItem.handleWidgetSelection(HandledContributionItem.java:743)
	at org.eclipse.e4.ui.workbench.renderers.swt.HandledContributionItem.access$7(HandledContributionItem.java:727)
	at org.eclipse.e4.ui.workbench.renderers.swt.HandledContributionItem$4.handleEvent(HandledContributionItem.java:662)
	at org.eclipse.swt.widgets.EventTable.sendEvent(EventTable.java:84)
	at org.eclipse.swt.widgets.Widget.sendEvent(Widget.java:1392)
	at org.eclipse.swt.widgets.Display.runDeferredEvents(Display.java:3742)
	at org.eclipse.swt.widgets.Display.readAndDispatch(Display.java:3363)
	at org.eclipse.e4.ui.internal.workbench.swt.PartRenderingEngine$9.run(PartRenderingEngine.java:1113)
	at org.eclipse.core.databinding.observable.Realm.runWithDefault(Realm.java:332)
	at org.eclipse.e4.ui.internal.workbench.swt.PartRenderingEngine.run(PartRenderingEngine.java:997)
	at org.eclipse.e4.ui.internal.workbench.E4Workbench.createAndRunUI(E4Workbench.java:140)
	at org.eclipse.ui.internal.Workbench$5.run(Workbench.java:611)
	at org.eclipse.core.databinding.observable.Realm.runWithDefault(Realm.java:332)
	at org.eclipse.ui.internal.Workbench.createAndRunWorkbench(Workbench.java:567)
	at org.eclipse.ui.PlatformUI.createAndRunWorkbench(PlatformUI.java:150)
	at org.eclipse.ui.internal.ide.application.IDEApplication.start(IDEApplication.java:124)
	at org.eclipse.equinox.internal.app.EclipseAppHandle.run(EclipseAppHandle.java:196)
	at org.eclipse.core.runtime.internal.adaptor.EclipseAppLauncher.runApplication(EclipseAppLauncher.java:110)
	at org.eclipse.core.runtime.internal.adaptor.EclipseAppLauncher.start(EclipseAppLauncher.java:79)
	at org.eclipse.core.runtime.adaptor.EclipseStarter.run(EclipseStarter.java:354)
	at org.eclipse.core.runtime.adaptor.EclipseStarter.run(EclipseStarter.java:181)
	at sun.reflect.NativeMethodAccessorImpl.invoke0(Native Method)
	at sun.reflect.NativeMethodAccessorImpl.invoke(NativeMethodAccessorImpl.java:57)
	at sun.reflect.DelegatingMethodAccessorImpl.invoke(DelegatingMethodAccessorImpl.java:43)
	at java.lang.reflect.Method.invoke(Method.java:606)
	at org.eclipse.equinox.launcher.Main.invokeFramework(Main.java:636)
	at org.eclipse.equinox.launcher.Main.basicRun(Main.java:591)
	at org.eclipse.equinox.launcher.Main.run(Main.java:1450)
	at org.eclipse.equinox.launcher.Main.main(Main.java:1426)
Caused by: org.eclipse.swt.SWTException: Widget is disposed
	at org.eclipse.swt.SWT.error(SWT.java:4397)
	at org.eclipse.swt.SWT.error(SWT.java:4312)
	at org.eclipse.swt.SWT.error(SWT.java:4283)
	at org.eclipse.swt.widgets.Widget.error(Widget.java:481)
	at org.eclipse.swt.widgets.Widget.checkWidget(Widget.java:418)
	at org.eclipse.swt.custom.CTabItem.setControl(CTabItem.java:282)
	at org.eclipse.rse.internal.terminals.ui.views.TerminalViewTab.createTabItem(TerminalViewTab.java:281)
	at org.eclipse.rse.internal.terminals.ui.handlers.LaunchTerminalCommandHandler.execute(LaunchTerminalCommandHandler.java:137)
	at org.eclipse.ui.internal.handlers.HandlerProxy.execute(HandlerProxy.java:290)
	at org.eclipse.ui.internal.handlers.E4HandlerProxy.execute(E4HandlerProxy.java:90)
	at sun.reflect.GeneratedMethodAccessor39.invoke(Unknown Source)
	at sun.reflect.DelegatingMethodAccessorImpl.invoke(DelegatingMethodAccessorImpl.java:43)
	at java.lang.reflect.Method.invoke(Method.java:606)
	at org.eclipse.e4.core.internal.di.MethodRequestor.execute(MethodRequestor.java:56)
	... 37 more
!SESSION 2014-05-12 11:52:50.952 -----------------------------------------------
eclipse.buildId=4.3.2.M20140221-1700
java.version=1.7.0_55
java.vendor=Oracle Corporation
BootLoader constants: OS=linux, ARCH=x86_64, WS=gtk, NL=en_US
Framework arguments:  -product org.eclipse.epp.package.cpp.product
Command-line arguments:  -os linux -ws gtk -arch x86_64 -product org.eclipse.epp.package.cpp.product

!ENTRY org.eclipse.ui 2 0 2014-05-12 11:52:59.388
!MESSAGE Warnings while parsing the commands from the 'org.eclipse.ui.commands' and 'org.eclipse.ui.actionDefinitions' extension points.
!SUBENTRY 1 org.eclipse.ui 2 0 2014-05-12 11:52:59.388
!MESSAGE Commands should really have a category: plug-in='org.eclipse.linuxtools.systemtap.ui.graphing', id='org.eclipse.linuxtools.systemtap.ui.graphing.commands.SaveGraphImage', categoryId='org.eclipse.linuxtools.systemtap.ui.graphing.category.file'

!ENTRY org.eclipse.ui 4 4 2014-05-12 11:53:03.590
!MESSAGE Unable to find Action Set: de.innot.avreclipse.actionset.avrdude

!ENTRY org.eclipse.egit.ui 2 0 2014-05-12 11:53:14.954
!MESSAGE Warning: EGit couldn't detect the installation path "gitPrefix" of native Git. Hence EGit can't respect system level
Git settings which might be configured in ${gitPrefix}/etc/gitconfig under the native Git installation directory.
The most important of these settings is core.autocrlf. Git for Windows by default sets this parameter to true in
this system level configuration. The Git installation location can be configured on the
Team > Git > Configuration preference page's 'System Settings' tab.
This warning can be switched off on the Team > Git > Confirmations and Warnings preference page.
