
**** Build of configuration Release for project Ground_station ****

make all 
Building file: ../src/Ground_station.cpp
Invoking: GCC C++ Compiler
g++ -O3 -Wall -c -fmessage-length=0 -MMD -MP -MF"src/Ground_station.d" -MT"src/Ground_station.d" -o"src/Ground_station.o" "../src/Ground_station.cpp"
In file included from ../src/Ground_station.cpp:12:0:
../src/vicon_data_custom.h: In member function ‘void Vicon_data::initialize(int)’:
../src/vicon_data_custom.h:114:10: warning: unused variable ‘TransmitMulticast’ [-Wunused-variable]
     bool TransmitMulticast = false;
          ^
In file included from ../src/Ground_station.cpp:31:0:
../src/controllers.h: In function ‘void ComputeSingleAxis_att(QuadStateVariable*)’:
../src/controllers.h:274:28: warning: unused variable ‘wdt’ [-Wunused-variable]
        double w[4],qinv[4],wdt[3],ew[3],Eulref[3];
                            ^
../src/controllers.h:274:35: warning: unused variable ‘ew’ [-Wunused-variable]
        double w[4],qinv[4],wdt[3],ew[3],Eulref[3];
                                   ^
../src/controllers.h: In function ‘void Control_angrate_shaping(QuadStateVariable*)’:
../src/controllers.h:305:13: warning: unused variable ‘ew’ [-Wunused-variable]
      double ew[3],ex[3],ev[3],fd[3],R[3][3],b3d[3],b2d[3],nb1d[3],eq[4],qinv[4];
             ^
../src/controllers.h:306:13: warning: unused variable ‘wdt’ [-Wunused-variable]
      double wdt[3],wref[4],Eulref[3];
             ^
In file included from ../src/SerialcommGroundOnboard.h:15:0,
                 from ../src/kinematic_estimators.h:26,
                 from ../src/Ground_station.cpp:42:
../src/serialib.h: At global scope:
../src/serialib.h:84:68: warning: converting to non-pointer type ‘unsigned int’ from NULL [-Wconversion-null]
     char    ReadChar    (char *pByte,const unsigned int TimeOut_ms=NULL);
                                                                    ^
../src/serialib.h:98:59: warning: converting to non-pointer type ‘unsigned int’ from NULL [-Wconversion-null]
                             const unsigned int TimeOut_ms=NULL);
                                                           ^
../src/serialib.h:110:93: warning: converting to non-pointer type ‘unsigned int’ from NULL [-Wconversion-null]
     int     Read        (void *Buffer,unsigned int MaxNbBytes,const unsigned int TimeOut_ms=NULL);
                                                                                             ^
../src/Ground_station.cpp: In function ‘int main(int, char**)’:
../src/Ground_station.cpp:69:6: warning: unused variable ‘namebuf’ [-Wunused-variable]
 char namebuf[500];
      ^
../src/Ground_station.cpp:107:17: warning: unused variable ‘Data_imu’ [-Wunused-variable]
  double Data[8],Data_imu[7],u[4],tt, MarkerX[27];
                 ^
../src/Ground_station.cpp:107:29: warning: unused variable ‘u’ [-Wunused-variable]
  double Data[8],Data_imu[7],u[4],tt, MarkerX[27];
                             ^
../src/Ground_station.cpp:107:34: warning: unused variable ‘tt’ [-Wunused-variable]
  double Data[8],Data_imu[7],u[4],tt, MarkerX[27];
                                  ^
../src/Ground_station.cpp:110:8: warning: unused variable ‘Timu’ [-Wunused-variable]
 double Timu,Dkq,Eul[3]={0,0,0};
        ^
../src/Ground_station.cpp:111:6: warning: unused variable ‘rxbuffer’ [-Wunused-variable]
 char rxbuffer[100];
      ^
../src/Ground_station.cpp:112:9: warning: unused variable ‘m’ [-Wunused-variable]
 int i=0,m=0,option=1;
         ^
../src/Ground_station.cpp:112:13: warning: unused variable ‘option’ [-Wunused-variable]
 int i=0,m=0,option=1;
             ^
../src/Ground_station.cpp:113:6: warning: unused variable ‘S’ [-Wunused-variable]
 char S[500],msg[20];
      ^
../src/Ground_station.cpp:114:5: warning: unused variable ‘nn’ [-Wunused-variable]
 int nn,flg=0;
     ^
../src/Ground_station.cpp:114:8: warning: unused variable ‘flg’ [-Wunused-variable]
 int nn,flg=0;
        ^
In file included from ../src/Ground_station.cpp:31:0:
../src/controllers.h: In function ‘double signum(double)’:
../src/controllers.h:37:1: warning: control reaches end of non-void function [-Wreturn-type]
 }
 ^
Finished building: ../src/Ground_station.cpp
 
Building file: ../src/kinematic_estimators.cpp
Invoking: GCC C++ Compiler
g++ -O3 -Wall -c -fmessage-length=0 -MMD -MP -MF"src/kinematic_estimators.d" -MT"src/kinematic_estimators.d" -o"src/kinematic_estimators.o" "../src/kinematic_estimators.cpp"
In file included from ../src/SerialcommGroundOnboard.h:15:0,
                 from ../src/kinematic_estimators.h:26,
                 from ../src/kinematic_estimators.cpp:1:
../src/serialib.h:84:68: warning: converting to non-pointer type ‘unsigned int’ from NULL [-Wconversion-null]
     char    ReadChar    (char *pByte,const unsigned int TimeOut_ms=NULL);
                                                                    ^
../src/serialib.h:98:59: warning: converting to non-pointer type ‘unsigned int’ from NULL [-Wconversion-null]
                             const unsigned int TimeOut_ms=NULL);
                                                           ^
../src/serialib.h:110:93: warning: converting to non-pointer type ‘unsigned int’ from NULL [-Wconversion-null]
     int     Read        (void *Buffer,unsigned int MaxNbBytes,const unsigned int TimeOut_ms=NULL);
                                                                                             ^
../src/kinematic_estimators.cpp: In member function ‘void EKF_Estimator1::PropagateUpdateMeanCov(QuadStateVariable*)’:
../src/kinematic_estimators.cpp:128:31: warning: variable ‘dt2’ set but not used [-Wunused-but-set-variable]
  double qq[4],w_quat[4],t1,t2,dt2;
                               ^
../src/kinematic_estimators.cpp: In member function ‘void EKF_Estimator_onboard1::PropagateUpdateMeanCov(QuadStateVariable*)’:
../src/kinematic_estimators.cpp:562:31: warning: variable ‘dt2’ set but not used [-Wunused-but-set-variable]
  double qq[4],w_quat[4],t1,t2,dt2;
                               ^
../src/kinematic_estimators.cpp: In member function ‘void Simple_Estimator_onboard::PropagateUpdateMeanCov(QuadStateVariable*)’:
../src/kinematic_estimators.cpp:952:10: warning: variable ‘w1’ set but not used [-Wunused-but-set-variable]
   double w1,w2,w3,q0,q1,q2,q3;
          ^
../src/kinematic_estimators.cpp:952:13: warning: variable ‘w2’ set but not used [-Wunused-but-set-variable]
   double w1,w2,w3,q0,q1,q2,q3;
             ^
../src/kinematic_estimators.cpp:952:16: warning: variable ‘w3’ set but not used [-Wunused-but-set-variable]
   double w1,w2,w3,q0,q1,q2,q3;
                ^
../src/kinematic_estimators.cpp:952:19: warning: variable ‘q0’ set but not used [-Wunused-but-set-variable]
   double w1,w2,w3,q0,q1,q2,q3;
                   ^
../src/kinematic_estimators.cpp:952:22: warning: variable ‘q1’ set but not used [-Wunused-but-set-variable]
   double w1,w2,w3,q0,q1,q2,q3;
                      ^
../src/kinematic_estimators.cpp:952:25: warning: variable ‘q2’ set but not used [-Wunused-but-set-variable]
   double w1,w2,w3,q0,q1,q2,q3;
                         ^
../src/kinematic_estimators.cpp:952:28: warning: variable ‘q3’ set but not used [-Wunused-but-set-variable]
   double w1,w2,w3,q0,q1,q2,q3;
                            ^
../src/kinematic_estimators.cpp: In function ‘void Initialize_ba_bg_est(QuadStateVariable*, SimpleQueue*, SimpleQueue*, SimpleQueue*, SimpleQueue*)’:
../src/kinematic_estimators.cpp:1294:25: warning: unused variable ‘ba’ [-Wunused-variable]
  double Dvic[7],Dimu[6],ba[3],bg[3];
                         ^
../src/kinematic_estimators.cpp:1294:31: warning: unused variable ‘bg’ [-Wunused-variable]
  double Dvic[7],Dimu[6],ba[3],bg[3];
                               ^
Finished building: ../src/kinematic_estimators.cpp
 
Building target: Ground_station
Invoking: GCC C++ Linker
g++ -L"/home/nagnanamus/Dropbox/BBB/codes/quad_control/Ground_station/src" -o"Ground_station"  ./src/Ground_station.o ./src/I2Cdev.o ./src/MPU6050.o ./src/SerialcommGroundOnboard.o ./src/State_data_manager.o ./src/UDPcommGroundOnboard.o ./src/joystick.o ./src/kinematic_estimators.o ./src/matrix_operations.o ./src/quaternion_operations.o ./src/serialib.o ./src/udpPort.o   -lViconDataStreamSDK_CPP -lpthread
Finished building target: Ground_station
 
