Sat Mar 15 19:15:49 EDT 2014
ERROR org.eclipse.rse.ui  RSEG1058
java.lang.Exception
	at org.eclipse.rse.ui.messages.SystemMessageDialog.logMessage(SystemMessageDialog.java:449)
	at org.eclipse.rse.ui.messages.SystemMessageDialog.open(SystemMessageDialog.java:459)
	at org.eclipse.rse.internal.connectorservice.ssh.SshConnectorService$SessionLostHandler.run(SshConnectorService.java:332)
	at org.eclipse.swt.widgets.RunnableLock.run(RunnableLock.java:35)
	at org.eclipse.swt.widgets.Synchronizer.runAsyncMessages(Synchronizer.java:135)
	at org.eclipse.swt.widgets.Display.runAsyncMessages(Display.java:3717)
	at org.eclipse.swt.widgets.Display.readAndDispatch(Display.java:3366)
	at org.eclipse.e4.ui.internal.workbench.swt.PartRenderingEngine$9.run(PartRenderingEngine.java:1113)
	at org.eclipse.core.databinding.observable.Realm.runWithDefault(Realm.java:332)
	at org.eclipse.e4.ui.internal.workbench.swt.PartRenderingEngine.run(PartRenderingEngine.java:997)
	at org.eclipse.e4.ui.internal.workbench.E4Workbench.createAndRunUI(E4Workbench.java:140)
	at org.eclipse.ui.internal.Workbench$5.run(Workbench.java:611)
	at org.eclipse.core.databinding.observable.Realm.runWithDefault(Realm.java:332)
	at org.eclipse.ui.internal.Workbench.createAndRunWorkbench(Workbench.java:567)
	at org.eclipse.ui.PlatformUI.createAndRunWorkbench(PlatformUI.java:150)
	at org.eclipse.ui.internal.ide.application.IDEApplication.start(IDEApplication.java:124)
	at org.eclipse.equinox.internal.app.EclipseAppHandle.run(EclipseAppHandle.java:196)
	at org.eclipse.core.runtime.internal.adaptor.EclipseAppLauncher.runApplication(EclipseAppLauncher.java:110)
	at org.eclipse.core.runtime.internal.adaptor.EclipseAppLauncher.start(EclipseAppLauncher.java:79)
	at org.eclipse.core.runtime.adaptor.EclipseStarter.run(EclipseStarter.java:354)
	at org.eclipse.core.runtime.adaptor.EclipseStarter.run(EclipseStarter.java:181)
	at sun.reflect.NativeMethodAccessorImpl.invoke0(Native Method)
	at sun.reflect.NativeMethodAccessorImpl.invoke(NativeMethodAccessorImpl.java:57)
	at sun.reflect.DelegatingMethodAccessorImpl.invoke(DelegatingMethodAccessorImpl.java:43)
	at java.lang.reflect.Method.invoke(Method.java:606)
	at org.eclipse.equinox.launcher.Main.invokeFramework(Main.java:636)
	at org.eclipse.equinox.launcher.Main.basicRun(Main.java:591)
	at org.eclipse.equinox.launcher.Main.run(Main.java:1450)
	at org.eclipse.equinox.launcher.Main.main(Main.java:1426)
--------------------------------------------
Sat Mar 15 19:32:42 EDT 2014
ERROR org.eclipse.rse.ui  RSEF1002: SUB#0:Sftp: 4: Failure
--------------------------------------------
Sat Mar 15 19:33:01 EDT 2014
ERROR org.eclipse.rse.ui  RSEF1002: SUB#0:Sftp: 4: Failure
--------------------------------------------
Sat Mar 15 19:42:22 EDT 2014
ERROR org.eclipse.rse.ui  RSEF1002: SUB#0:Sftp: 4: Failure
--------------------------------------------
Sat Mar 15 19:50:30 EDT 2014
ERROR org.eclipse.rse.ui  RSEF1002: SUB#0:Sftp: 4: Failure
--------------------------------------------
Sat Mar 15 20:18:17 EDT 2014
ERROR org.eclipse.rse.ui  RSEF1002: SUB#0:Sftp: 4: Failure
--------------------------------------------
